host: ib14be-008.science.gc.ca
Building DAG of jobs...
Your conda installation is not configured to use strict channel priorities. This is however important for having robust and correct environments (for details, see https://conda-forge.org/docs/user/tipsandtricks.html). Please consider to configure strict priorities by executing 'conda config --set channel_priority strict'.
shared_storage_local_copies: True
remote_exec: True
Using shell: /usr/bin/bash
Provided cores: 25
Rules claiming more threads will be scaled down.
Provided resources: mem_mb=1000, mem_mib=954, disk_mb=1000, disk_mib=954, nodes=1, ntasks=4
Resources before job selection: {'mem_mb': 1000, 'mem_mib': 954, 'disk_mb': 1000, 'disk_mib': 954, 'nodes': 1, 'ntasks': 4, '_cores': 25, '_nodes': 9223372036854775807, '_job_count': 9223372036854775807}
Ready jobs: 1
Select jobs to execute...
Selecting jobs to run using greedy solver.
Selected jobs: 1
Resources after job selection: {'mem_mb': 0, 'mem_mib': 0, 'disk_mb': 0, 'disk_mib': 0, 'nodes': 0, 'ntasks': 0, '_cores': 23, '_nodes': 9223372036854775806, '_job_count': 9223372036854775807}
Execute 1 jobs...

[Wed Feb 12 15:16:48 2025]
localrule combined_graph_magnitude:
    input: workflow/data/combined_char_output/all_text_chars.txt
    output: workflow/data/graphs/combined_chars/all_magnitude.svg
    log: workflow/snakemake_logs/logs/combined_graph_magnitude/stdout.log, workflow/snakemake_logs/logs/combined_graph_magnitude/stderr.err
    jobid: 0
    reason: Forced execution
    threads: 2
    resources: mem_mb=1000, mem_mib=954, disk_mb=1000, disk_mib=954, tmpdir=/tmp, slurm_account=aafc_aac, slurm_partition=standard, runtime=5, nodes=1, ntasks=4, mail_user=xander.fleury@agr.gc.ca, mail_type=END,FAIL

Activating conda environment: .snakemake/conda/5ca1bccf91a2933ac60b8e5780f50691_
Activating conda environment: .snakemake/conda/5ca1bccf91a2933ac60b8e5780f50691_
[Wed Feb 12 15:16:49 2025]
Finished job 0.
1 of 1 steps (100%) done
Storing output in storage.
