12-Feb-25 15:08:35 - rule: combined_graph_char
12-Feb-25 15:08:35 - job_properties['resources']: {'mem_mb': 1000, 'mem_mib': 954, 'disk_mb': 1000, 'disk_mib': 954, 'tmpdir': '<TBD>', 'slurm_account': 'aafc_aac', 'slurm_partition': 'standard', 'runtime': 5, 'nodes': 1, 'ntasks': 4, 'mail_user': 'xander.fleury@agr.gc.ca', 'mail_type': 'END,FAIL'}
12-Feb-25 15:08:35 - command line: sbatch -N 1 -n 4 -p standard                      -A aafc_aac -c 2 -t 5                      -J combined_graph_char.1                      -o logs/combined_graph_char.1.20250212.150835.log                      -e logs/combined_graph_char.1.20250212.150835.err                       --mem 1000   /gpfs/fs7/aafc/labs/bicoe_lab/workspace/xaf000/snakemake-texts/.snakemake/tmp.y5lk6jbk/snakejob.combined_graph_char.1.sh
12-Feb-25 15:08:35 - test
12-Feb-25 15:08:35 - rule: combined_graph_magnitude
12-Feb-25 15:08:35 - job_properties['resources']: {'mem_mb': 1000, 'mem_mib': 954, 'disk_mb': 1000, 'disk_mib': 954, 'tmpdir': '<TBD>', 'slurm_account': 'aafc_aac', 'slurm_partition': 'standard', 'runtime': 5, 'nodes': 1, 'ntasks': 4, 'mail_user': 'xander.fleury@agr.gc.ca', 'mail_type': 'END,FAIL'}
12-Feb-25 15:08:35 - command line: sbatch -N 1 -n 4 -p standard                      -A aafc_aac -c 2 -t 5                      -J combined_graph_magnitude.2                      -o logs/combined_graph_magnitude.2.20250212.150835.log                      -e logs/combined_graph_magnitude.2.20250212.150835.err                       --mem 1000   /gpfs/fs7/aafc/labs/bicoe_lab/workspace/xaf000/snakemake-texts/.snakemake/tmp.y5lk6jbk/snakejob.combined_graph_magnitude.2.sh
12-Feb-25 15:08:35 - test
12-Feb-25 15:11:38 - rule: combined_graph_char
12-Feb-25 15:11:38 - job_properties['resources']: {'mem_mb': 1000, 'mem_mib': 954, 'disk_mb': 1000, 'disk_mib': 954, 'tmpdir': '<TBD>', 'slurm_account': 'aafc_aac', 'slurm_partition': 'standard', 'runtime': 5, 'nodes': 1, 'ntasks': 4, 'mail_user': 'xander.fleury@agr.gc.ca', 'mail_type': 'END,FAIL'}
12-Feb-25 15:11:38 - command line: sbatch -N 1 -n 4 -p standard                      -A aafc_aac -c 2 -t 5                      -J combined_graph_char.1                      -o logs/combined_graph_char.1.20250212.151138.log                      -e logs/combined_graph_char.1.20250212.151138.err                       --mem 1000   /gpfs/fs7/aafc/labs/bicoe_lab/workspace/xaf000/snakemake-texts/.snakemake/tmp.hkae9ch7/snakejob.combined_graph_char.1.sh
12-Feb-25 15:11:38 - test
12-Feb-25 15:11:38 - rule: combined_graph_magnitude
12-Feb-25 15:11:38 - job_properties['resources']: {'mem_mb': 1000, 'mem_mib': 954, 'disk_mb': 1000, 'disk_mib': 954, 'tmpdir': '<TBD>', 'slurm_account': 'aafc_aac', 'slurm_partition': 'standard', 'runtime': 5, 'nodes': 1, 'ntasks': 4, 'mail_user': 'xander.fleury@agr.gc.ca', 'mail_type': 'END,FAIL'}
12-Feb-25 15:11:38 - command line: sbatch -N 1 -n 4 -p standard                      -A aafc_aac -c 2 -t 5                      -J combined_graph_magnitude.2                      -o logs/combined_graph_magnitude.2.20250212.151138.log                      -e logs/combined_graph_magnitude.2.20250212.151138.err                       --mem 1000   /gpfs/fs7/aafc/labs/bicoe_lab/workspace/xaf000/snakemake-texts/.snakemake/tmp.hkae9ch7/snakejob.combined_graph_magnitude.2.sh
12-Feb-25 15:11:38 - test
12-Feb-25 15:16:41 - rule: combined_graph_char
12-Feb-25 15:16:41 - job_properties['resources']: {'mem_mb': 1000, 'mem_mib': 954, 'disk_mb': 1000, 'disk_mib': 954, 'tmpdir': '<TBD>', 'slurm_account': 'aafc_aac', 'slurm_partition': 'standard', 'runtime': 5, 'nodes': 1, 'ntasks': 4, 'mail_user': 'xander.fleury@agr.gc.ca', 'mail_type': 'END,FAIL'}
12-Feb-25 15:16:41 - command line: sbatch -N 1 -n 4 -p standard                      -A aafc_aac -c 2 -t 5                      -J combined_graph_char.1                      -o workflow/logs/slurm_logs/combined_graph_char.1.20250212.151641.log                      -e workflow/logs/slurm_logs/combined_graph_char.1.20250212.151641.err                       --mem 1000   /gpfs/fs7/aafc/labs/bicoe_lab/workspace/xaf000/snakemake-texts/.snakemake/tmp.vj1rrezy/snakejob.combined_graph_char.1.sh
12-Feb-25 15:16:41 - test
12-Feb-25 15:16:42 - rule: combined_graph_magnitude
12-Feb-25 15:16:42 - job_properties['resources']: {'mem_mb': 1000, 'mem_mib': 954, 'disk_mb': 1000, 'disk_mib': 954, 'tmpdir': '<TBD>', 'slurm_account': 'aafc_aac', 'slurm_partition': 'standard', 'runtime': 5, 'nodes': 1, 'ntasks': 4, 'mail_user': 'xander.fleury@agr.gc.ca', 'mail_type': 'END,FAIL'}
12-Feb-25 15:16:42 - command line: sbatch -N 1 -n 4 -p standard                      -A aafc_aac -c 2 -t 5                      -J combined_graph_magnitude.2                      -o workflow/logs/slurm_logs/combined_graph_magnitude.2.20250212.151642.log                      -e workflow/logs/slurm_logs/combined_graph_magnitude.2.20250212.151642.err                       --mem 1000   /gpfs/fs7/aafc/labs/bicoe_lab/workspace/xaf000/snakemake-texts/.snakemake/tmp.vj1rrezy/snakejob.combined_graph_magnitude.2.sh
12-Feb-25 15:16:42 - test
